[debug] [2024-07-12T18:47:44.037Z] ----------------------------------------------------------------------
[debug] [2024-07-12T18:47:44.040Z] Command:       C:\Program Files\nodejs\node.exe C:\Users\Lithira\AppData\Roaming\npm\node_modules\firebase-tools\lib\bin\firebase.js init
[debug] [2024-07-12T18:47:44.040Z] CLI Version:   13.13.2
[debug] [2024-07-12T18:47:44.040Z] Platform:      win32
[debug] [2024-07-12T18:47:44.040Z] Node Version:  v20.11.0
[debug] [2024-07-12T18:47:44.040Z] Time:          Sat Jul 13 2024 00:17:44 GMT+0530 (India Standard Time)
[debug] [2024-07-12T18:47:44.041Z] ----------------------------------------------------------------------
[debug] 
[debug] [2024-07-12T18:47:44.104Z] > command requires scopes: ["email","openid","https://www.googleapis.com/auth/cloudplatformprojects.readonly","https://www.googleapis.com/auth/firebase","https://www.googleapis.com/auth/cloud-platform"]
[debug] [2024-07-12T18:47:44.104Z] > authorizing via signed-in user (lithilakavi@gmail.com)
[info] 
     ######## #### ########  ######## ########     ###     ######  ########
     ##        ##  ##     ## ##       ##     ##  ##   ##  ##       ##
     ######    ##  ########  ######   ########  #########  ######  ######
     ##        ##  ##    ##  ##       ##     ## ##     ##       ## ##
     ##       #### ##     ## ######## ########  ##     ##  ######  ########

You're about to initialize a Firebase project in this directory:

  D:\E-commerce website\gymshark

Before we get started, keep in mind:

  * You are initializing within an existing Firebase project directory

[info] 
=== Project Setup
[info] 
[info] First, let's associate this project directory with a Firebase project.
[info] You can create multiple project aliases by running firebase use --add, 
[info] but for now we'll just set up a default project.
[info] 
[debug] [2024-07-12T18:47:55.461Z] Using project from CLI flag: gymshark-732cd
[debug] [2024-07-12T18:47:55.463Z] >>> [apiv2][query] GET https://firebase.googleapis.com/v1beta1/projects/gymshark-732cd [none]
[debug] [2024-07-12T18:47:56.115Z] <<< [apiv2][status] GET https://firebase.googleapis.com/v1beta1/projects/gymshark-732cd 200
[debug] [2024-07-12T18:47:56.115Z] <<< [apiv2][body] GET https://firebase.googleapis.com/v1beta1/projects/gymshark-732cd {"projectId":"gymshark-732cd","projectNumber":"24246229329","displayName":"GYMSHARK","name":"projects/gymshark-732cd","resources":{"hostingSite":"gymshark-732cd","realtimeDatabaseInstance":"gymshark-732cd-default-rtdb"},"state":"ACTIVE","etag":"1_c4a96037-ca88-4ae7-a564-3718997e05f5"}
[info] i  Using project gymshark-732cd (GYMSHARK) 
[info] 
=== Hosting:github Setup
[info] 
[info] i  Detected a .git folder at D:\E-commerce website\gymshark 
[info] i  Authorizing with GitHub to upload your service account to a GitHub repository's secrets store. 
[info] 
[info] Visit this URL on this device to log in:
[info] https://github.com/login/oauth/authorize?client_id=89cf50f02ac6aaed3484&state=701557086&redirect_uri=http%3A%2F%2Flocalhost%3A9005&scope=read%3Auser%20repo%20public_repo
[info] 
[info] Waiting for authentication...
[debug] [2024-07-12T18:47:56.153Z] Error: spawn cmd ENOENT
    at ChildProcess._handle.onexit (node:internal/child_process:286:19)
    at onErrorNT (node:internal/child_process:484:16)
    at process.processTicksAndRejections (node:internal/process/task_queues:82:21)
[error] 
[error] Error: An unexpected error has occurred.
